<?xml version="1.0" encoding="UTF-8"?>
<testng-results ignored="0" total="5" passed="5" failed="0" skipped="0">
  <reporter-output>
  </reporter-output>
  <suite started-at="2022-07-17T18:43:06 IST" name="Suite1" finished-at="2022-07-17T18:43:46 IST" duration-ms="39411">
    <groups>
      <group name="cucumber">
        <method signature="AbstractTestNGCucumberTests.runScenario(io.cucumber.testng.PickleWrapper,io.cucumber.testng.FeatureWrapper)[pri:0, instance:com.ntrs.runner.CucumberRunnerTest2@222a59e6]" name="runScenario" class="io.cucumber.testng.AbstractTestNGCucumberTests"/>
        <method signature="AbstractTestNGCucumberTests.runScenario(io.cucumber.testng.PickleWrapper,io.cucumber.testng.FeatureWrapper)[pri:0, instance:com.ntrs.runner.CucumberRunnerTest@76b07f29]" name="runScenario" class="io.cucumber.testng.AbstractTestNGCucumberTests"/>
      </group> <!-- cucumber -->
    </groups>
    <test started-at="2022-07-17T18:43:06 IST" name="Test Demo" finished-at="2022-07-17T18:43:46 IST" duration-ms="39411">
      <class name="com.ntrs.runner.CucumberRunnerTest">
        <test-method is-config="true" signature="setUpClass()[pri:0, instance:com.ntrs.runner.CucumberRunnerTest@76b07f29]" started-at="2022-07-17T18:43:06 IST" name="setUpClass" finished-at="2022-07-17T18:43:07 IST" duration-ms="536" status="PASS">
          <reporter-output>
          </reporter-output>
        </test-method> <!-- setUpClass -->
        <test-method signature="runScenario(io.cucumber.testng.PickleWrapper,io.cucumber.testng.FeatureWrapper)[pri:0, instance:com.ntrs.runner.CucumberRunnerTest@76b07f29]" started-at="2022-07-17T18:43:07 IST" name="runScenario" description="Runs Cucumber Scenarios" data-provider="scenarios" finished-at="2022-07-17T18:43:28 IST" duration-ms="20806" status="PASS">
          <params>
            <param index="0">
              <value>
                <![CDATA["Google Navigation test"]]>
              </value>
            </param>
            <param index="1">
              <value>
                <![CDATA["Optional[Google Login feature]"]]>
              </value>
            </param>
          </params>
          <reporter-output>
          </reporter-output>
        </test-method> <!-- runScenario -->
        <test-method signature="runScenario(io.cucumber.testng.PickleWrapper,io.cucumber.testng.FeatureWrapper)[pri:0, instance:com.ntrs.runner.CucumberRunnerTest@76b07f29]" started-at="2022-07-17T18:43:28 IST" name="runScenario" description="Runs Cucumber Scenarios" data-provider="scenarios" finished-at="2022-07-17T18:43:36 IST" duration-ms="7908" status="PASS">
          <params>
            <param index="0">
              <value>
                <![CDATA["Ultimate QA Navigation test"]]>
              </value>
            </param>
            <param index="1">
              <value>
                <![CDATA["Optional[Google Login feature]"]]>
              </value>
            </param>
          </params>
          <reporter-output>
          </reporter-output>
        </test-method> <!-- runScenario -->
        <test-method signature="runScenario(io.cucumber.testng.PickleWrapper,io.cucumber.testng.FeatureWrapper)[pri:0, instance:com.ntrs.runner.CucumberRunnerTest@76b07f29]" started-at="2022-07-17T18:43:36 IST" name="runScenario" description="Runs Cucumber Scenarios" data-provider="scenarios" finished-at="2022-07-17T18:43:46 IST" duration-ms="10022" status="PASS">
          <params>
            <param index="0">
              <value>
                <![CDATA["Webdriver URL Navigation test"]]>
              </value>
            </param>
            <param index="1">
              <value>
                <![CDATA["Optional[Google Login feature]"]]>
              </value>
            </param>
          </params>
          <reporter-output>
          </reporter-output>
        </test-method> <!-- runScenario -->
        <test-method is-config="true" signature="tearDownClass()[pri:0, instance:com.ntrs.runner.CucumberRunnerTest@76b07f29]" started-at="2022-07-17T18:43:46 IST" name="tearDownClass" finished-at="2022-07-17T18:43:46 IST" duration-ms="93" status="PASS">
          <reporter-output>
          </reporter-output>
        </test-method> <!-- tearDownClass -->
      </class> <!-- com.ntrs.runner.CucumberRunnerTest -->
      <class name="com.ntrs.runner.CucumberRunnerTest2">
        <test-method is-config="true" signature="setUpClass()[pri:0, instance:com.ntrs.runner.CucumberRunnerTest2@222a59e6]" started-at="2022-07-17T18:43:06 IST" name="setUpClass" finished-at="2022-07-17T18:43:07 IST" duration-ms="535" status="PASS">
          <reporter-output>
          </reporter-output>
        </test-method> <!-- setUpClass -->
        <test-method signature="runScenario(io.cucumber.testng.PickleWrapper,io.cucumber.testng.FeatureWrapper)[pri:0, instance:com.ntrs.runner.CucumberRunnerTest2@222a59e6]" started-at="2022-07-17T18:43:07 IST" name="runScenario" description="Runs Cucumber Scenarios" data-provider="scenarios" finished-at="2022-07-17T18:43:10 IST" duration-ms="3140" status="PASS">
          <params>
            <param index="0">
              <value>
                <![CDATA["Swag Labs Navigation test"]]>
              </value>
            </param>
            <param index="1">
              <value>
                <![CDATA["Optional[Swag Labs Login feature]"]]>
              </value>
            </param>
          </params>
          <reporter-output>
          </reporter-output>
        </test-method> <!-- runScenario -->
        <test-method signature="runScenario(io.cucumber.testng.PickleWrapper,io.cucumber.testng.FeatureWrapper)[pri:0, instance:com.ntrs.runner.CucumberRunnerTest2@222a59e6]" started-at="2022-07-17T18:43:10 IST" name="runScenario" description="Runs Cucumber Scenarios" data-provider="scenarios" finished-at="2022-07-17T18:43:16 IST" duration-ms="6254" status="PASS">
          <params>
            <param index="0">
              <value>
                <![CDATA["Telerik Navigation test"]]>
              </value>
            </param>
            <param index="1">
              <value>
                <![CDATA["Optional[Swag Labs Login feature]"]]>
              </value>
            </param>
          </params>
          <reporter-output>
          </reporter-output>
        </test-method> <!-- runScenario -->
        <test-method is-config="true" signature="tearDownClass()[pri:0, instance:com.ntrs.runner.CucumberRunnerTest2@222a59e6]" started-at="2022-07-17T18:43:16 IST" name="tearDownClass" finished-at="2022-07-17T18:43:17 IST" duration-ms="1071" status="PASS">
          <reporter-output>
          </reporter-output>
        </test-method> <!-- tearDownClass -->
      </class> <!-- com.ntrs.runner.CucumberRunnerTest2 -->
    </test> <!-- Test Demo -->
  </suite> <!-- Suite1 -->
</testng-results>
