<?xml version="1.0" encoding="UTF-8"?>
<!-- Generated by org.testng.reporters.JUnitXMLReporter -->
<testsuite hostname="Manavi-Saini" ignored="0" name="QAF-BDD-Test" tests="2" failures="0" timestamp="30 Jun 2022 12:07:09 GMT" time="10.319" errors="0">
  <testcase name="Google Navigation test" time="7.954" classname="com.qmetry.qaf.automation.step.client.Scenario"/>
  <testcase name="Ultimate QA Navigation test" time="2.34" classname="com.qmetry.qaf.automation.step.client.Scenario"/>
</testsuite> <!-- QAF-BDD-Test -->
