<?xml version="1.0" encoding="UTF-8"?>
<!-- Generated by org.testng.reporters.JUnitXMLReporter -->
<testsuite hostname="Manavi-Saini" ignored="0" name="QAF-BDD-Test2" tests="2" failures="0" timestamp="30 Jun 2022 12:07:11 GMT" time="12.588" errors="0">
  <testcase name="Swag Labs Navigation test" time="3.322" classname="com.qmetry.qaf.automation.step.client.Scenario"/>
  <testcase name="Telerik Navigation test" time="9.236" classname="com.qmetry.qaf.automation.step.client.Scenario"/>
</testsuite> <!-- QAF-BDD-Test2 -->
